{"C:\\Users\\gabri\\OneDrive\\Área de Trabalho\\Aula\\Refatoração\\novoCodigo\\src\\app.ts": {"path":"C:\\Users\\gabri\\OneDrive\\Área de Trabalho\\Aula\\Refatoração\\novoCodigo\\src\\app.ts","statementMap":{"0":{"start":{"line":1,"column":0},"end":{"line":1,"column":29}},"1":{"start":{"line":2,"column":0},"end":{"line":2,"column":29}},"2":{"start":{"line":4,"column":0},"end":{"line":4,"column":31}},"3":{"start":{"line":6,"column":0},"end":{"line":6,"column":null}},"4":{"start":{"line":10,"column":8},"end":{"line":10,"column":null}},"5":{"start":{"line":11,"column":8},"end":{"line":11,"column":null}},"6":{"start":{"line":12,"column":8},"end":{"line":12,"column":null}},"7":{"start":{"line":13,"column":8},"end":{"line":13,"column":null}},"8":{"start":{"line":17,"column":11},"end":{"line":19,"column":null}},"9":{"start":{"line":18,"column":8},"end":{"line":18,"column":null}},"10":{"start":{"line":21,"column":17},"end":{"line":30,"column":null}},"11":{"start":{"line":23,"column":12},"end":{"line":23,"column":null}},"12":{"start":{"line":24,"column":12},"end":{"line":24,"column":null}},"13":{"start":{"line":25,"column":12},"end":{"line":25,"column":null}},"14":{"start":{"line":28,"column":12},"end":{"line":28,"column":null}},"15":{"start":{"line":31,"column":11},"end":{"line":33,"column":null}},"16":{"start":{"line":32,"column":8},"end":{"line":32,"column":null}},"17":{"start":{"line":34,"column":0},"end":{"line":34,"column":null}},"18":{"start":{"line":35,"column":0},"end":{"line":35,"column":null}}},"fnMap":{"0":{"name":"(anonymous_14)","decl":{"start":{"line":6,"column":0},"end":{"line":6,"column":null}},"loc":{"start":{"line":6,"column":0},"end":{"line":34,"column":null}}},"1":{"name":"App","decl":{"start":{"line":9,"column":4},"end":{"line":9,"column":null}},"loc":{"start":{"line":9,"column":4},"end":{"line":15,"column":5}}},"2":{"name":"(anonymous_16)","decl":{"start":{"line":17,"column":4},"end":{"line":17,"column":11}},"loc":{"start":{"line":17,"column":4},"end":{"line":19,"column":5}}},"3":{"name":"(anonymous_17)","decl":{"start":{"line":21,"column":4},"end":{"line":21,"column":17}},"loc":{"start":{"line":21,"column":4},"end":{"line":30,"column":null}}},"4":{"name":"(anonymous_20)","decl":{"start":{"line":31,"column":4},"end":{"line":31,"column":11}},"loc":{"start":{"line":31,"column":4},"end":{"line":33,"column":5}}}},"branchMap":{},"s":{"0":2,"1":2,"2":2,"3":2,"4":2,"5":2,"6":2,"7":2,"8":2,"9":2,"10":2,"11":2,"12":4,"13":2,"14":0,"15":2,"16":2,"17":2,"18":2},"f":{"0":2,"1":2,"2":2,"3":2,"4":2},"b":{}}
,"C:\\Users\\gabri\\OneDrive\\Área de Trabalho\\Aula\\Refatoração\\novoCodigo\\src\\routes.ts": {"path":"C:\\Users\\gabri\\OneDrive\\Área de Trabalho\\Aula\\Refatoração\\novoCodigo\\src\\routes.ts","statementMap":{"0":{"start":{"line":1,"column":0},"end":{"line":1,"column":33}},"1":{"start":{"line":2,"column":0},"end":{"line":2,"column":44}},"2":{"start":{"line":3,"column":0},"end":{"line":3,"column":54}},"3":{"start":{"line":5,"column":15},"end":{"line":5,"column":23}},"4":{"start":{"line":7,"column":0},"end":{"line":7,"column":33}},"5":{"start":{"line":8,"column":0},"end":{"line":8,"column":39}},"6":{"start":{"line":11,"column":0},"end":{"line":11,"column":22}}},"fnMap":{},"branchMap":{},"s":{"0":2,"1":2,"2":2,"3":2,"4":2,"5":2,"6":2},"f":{},"b":{}}
,"C:\\Users\\gabri\\OneDrive\\Área de Trabalho\\Aula\\Refatoração\\novoCodigo\\src\\products\\product.controller.ts": {"path":"C:\\Users\\gabri\\OneDrive\\Área de Trabalho\\Aula\\Refatoração\\novoCodigo\\src\\products\\product.controller.ts","statementMap":{"0":{"start":{"line":1,"column":0},"end":{"line":1,"column":47}},"1":{"start":{"line":4,"column":0},"end":{"line":4,"column":null}},"2":{"start":{"line":5,"column":15},"end":{"line":8,"column":null}},"3":{"start":{"line":6,"column":4},"end":{"line":6,"column":49}},"4":{"start":{"line":7,"column":4},"end":{"line":7,"column":34}},"5":{"start":{"line":10,"column":15},"end":{"line":13,"column":null}},"6":{"start":{"line":11,"column":21},"end":{"line":11,"column":null}},"7":{"start":{"line":11,"column":10},"end":{"line":11,"column":null}},"8":{"start":{"line":12,"column":4},"end":{"line":12,"column":30}},"9":{"start":{"line":15,"column":15},"end":{"line":18,"column":null}},"10":{"start":{"line":16,"column":20},"end":{"line":16,"column":null}},"11":{"start":{"line":16,"column":10},"end":{"line":16,"column":null}},"12":{"start":{"line":17,"column":4},"end":{"line":17,"column":29}},"13":{"start":{"line":20,"column":15},"end":{"line":23,"column":null}},"14":{"start":{"line":21,"column":20},"end":{"line":21,"column":null}},"15":{"start":{"line":21,"column":10},"end":{"line":21,"column":null}},"16":{"start":{"line":22,"column":4},"end":{"line":22,"column":29}},"17":{"start":{"line":25,"column":15},"end":{"line":28,"column":null}},"18":{"start":{"line":26,"column":20},"end":{"line":26,"column":null}},"19":{"start":{"line":26,"column":10},"end":{"line":26,"column":null}},"20":{"start":{"line":27,"column":4},"end":{"line":27,"column":29}},"21":{"start":{"line":29,"column":0},"end":{"line":29,"column":null}},"22":{"start":{"line":31,"column":0},"end":{"line":31,"column":39}}},"fnMap":{"0":{"name":"(anonymous_14)","decl":{"start":{"line":4,"column":0},"end":{"line":4,"column":null}},"loc":{"start":{"line":4,"column":0},"end":{"line":29,"column":null}}},"1":{"name":"(anonymous_16)","decl":{"start":{"line":5,"column":2},"end":{"line":5,"column":15}},"loc":{"start":{"line":5,"column":49},"end":{"line":8,"column":null}}},"2":{"name":"(anonymous_19)","decl":{"start":{"line":10,"column":2},"end":{"line":10,"column":15}},"loc":{"start":{"line":10,"column":50},"end":{"line":13,"column":null}}},"3":{"name":"(anonymous_22)","decl":{"start":{"line":15,"column":2},"end":{"line":15,"column":15}},"loc":{"start":{"line":15,"column":47},"end":{"line":18,"column":null}}},"4":{"name":"(anonymous_25)","decl":{"start":{"line":20,"column":2},"end":{"line":20,"column":15}},"loc":{"start":{"line":20,"column":49},"end":{"line":23,"column":null}}},"5":{"name":"(anonymous_28)","decl":{"start":{"line":25,"column":2},"end":{"line":25,"column":15}},"loc":{"start":{"line":25,"column":49},"end":{"line":28,"column":null}}}},"branchMap":{"0":{"loc":{"start":{"line":6,"column":4},"end":{"line":6,"column":49}},"type":"switch","locations":[{"start":{"line":6,"column":4},"end":{"line":6,"column":49}}]},"1":{"loc":{"start":{"line":11,"column":21},"end":{"line":11,"column":null}},"type":"switch","locations":[{"start":{"line":11,"column":21},"end":{"line":11,"column":null}}]},"2":{"loc":{"start":{"line":16,"column":20},"end":{"line":16,"column":null}},"type":"switch","locations":[{"start":{"line":16,"column":20},"end":{"line":16,"column":null}}]},"3":{"loc":{"start":{"line":21,"column":20},"end":{"line":21,"column":null}},"type":"switch","locations":[{"start":{"line":21,"column":20},"end":{"line":21,"column":null}}]},"4":{"loc":{"start":{"line":26,"column":20},"end":{"line":26,"column":null}},"type":"switch","locations":[{"start":{"line":26,"column":20},"end":{"line":26,"column":null}}]}},"s":{"0":2,"1":2,"2":2,"3":2,"4":1,"5":2,"6":1,"7":1,"8":1,"9":2,"10":1,"11":1,"12":1,"13":2,"14":1,"15":1,"16":1,"17":2,"18":1,"19":1,"20":1,"21":2,"22":2},"f":{"0":4,"1":1,"2":1,"3":1,"4":1,"5":1},"b":{"0":[1],"1":[1],"2":[1],"3":[1],"4":[1]}}
,"C:\\Users\\gabri\\OneDrive\\Área de Trabalho\\Aula\\Refatoração\\novoCodigo\\src\\products\\product.routes.ts": {"path":"C:\\Users\\gabri\\OneDrive\\Área de Trabalho\\Aula\\Refatoração\\novoCodigo\\src\\products\\product.routes.ts","statementMap":{"0":{"start":{"line":1,"column":0},"end":{"line":1,"column":33}},"1":{"start":{"line":2,"column":0},"end":{"line":2,"column":53}},"2":{"start":{"line":4,"column":22},"end":{"line":4,"column":30}},"3":{"start":{"line":6,"column":0},"end":{"line":6,"column":57}},"4":{"start":{"line":7,"column":0},"end":{"line":7,"column":55}},"5":{"start":{"line":8,"column":0},"end":{"line":8,"column":56}},"6":{"start":{"line":9,"column":0},"end":{"line":9,"column":62}},"7":{"start":{"line":10,"column":0},"end":{"line":10,"column":59}},"8":{"start":{"line":13,"column":0},"end":{"line":13,"column":29}}},"fnMap":{},"branchMap":{},"s":{"0":2,"1":2,"2":2,"3":2,"4":2,"5":2,"6":2,"7":2,"8":2},"f":{},"b":{}}
,"C:\\Users\\gabri\\OneDrive\\Área de Trabalho\\Aula\\Refatoração\\novoCodigo\\src\\products\\product.schema.ts": {"path":"C:\\Users\\gabri\\OneDrive\\Área de Trabalho\\Aula\\Refatoração\\novoCodigo\\src\\products\\product.schema.ts","statementMap":{"0":{"start":{"line":1,"column":0},"end":{"line":1,"column":42}},"1":{"start":{"line":3,"column":22},"end":{"line":18,"column":2}},"2":{"start":{"line":20,"column":0},"end":{"line":20,"column":47}}},"fnMap":{},"branchMap":{},"s":{"0":2,"1":2,"2":2},"f":{},"b":{}}
,"C:\\Users\\gabri\\OneDrive\\Área de Trabalho\\Aula\\Refatoração\\novoCodigo\\src\\products\\product.service.ts": {"path":"C:\\Users\\gabri\\OneDrive\\Área de Trabalho\\Aula\\Refatoração\\novoCodigo\\src\\products\\product.service.ts","statementMap":{"0":{"start":{"line":1,"column":0},"end":{"line":1,"column":45}},"1":{"start":{"line":3,"column":0},"end":{"line":3,"column":null}},"2":{"start":{"line":4,"column":8},"end":{"line":11,"column":null}},"3":{"start":{"line":6,"column":25},"end":{"line":6,"column":null}},"4":{"start":{"line":6,"column":12},"end":{"line":6,"column":null}},"5":{"start":{"line":7,"column":6},"end":{"line":7,"column":24}},"6":{"start":{"line":9,"column":6},"end":{"line":9,"column":55}},"7":{"start":{"line":13,"column":8},"end":{"line":20,"column":null}},"8":{"start":{"line":15,"column":28},"end":{"line":15,"column":null}},"9":{"start":{"line":15,"column":12},"end":{"line":15,"column":null}},"10":{"start":{"line":16,"column":6},"end":{"line":16,"column":27}},"11":{"start":{"line":18,"column":6},"end":{"line":18,"column":55}},"12":{"start":{"line":22,"column":8},"end":{"line":29,"column":null}},"13":{"start":{"line":24,"column":22},"end":{"line":24,"column":null}},"14":{"start":{"line":24,"column":12},"end":{"line":24,"column":null}},"15":{"start":{"line":25,"column":6},"end":{"line":25,"column":21}},"16":{"start":{"line":27,"column":6},"end":{"line":27,"column":51}},"17":{"start":{"line":31,"column":8},"end":{"line":38,"column":null}},"18":{"start":{"line":33,"column":22},"end":{"line":33,"column":null}},"19":{"start":{"line":33,"column":12},"end":{"line":33,"column":null}},"20":{"start":{"line":34,"column":6},"end":{"line":34,"column":21}},"21":{"start":{"line":36,"column":6},"end":{"line":36,"column":52}},"22":{"start":{"line":40,"column":8},"end":{"line":55,"column":null}},"23":{"start":{"line":42,"column":30},"end":{"line":50,"column":null}},"24":{"start":{"line":42,"column":12},"end":{"line":50,"column":null}},"25":{"start":{"line":51,"column":6},"end":{"line":51,"column":29}},"26":{"start":{"line":53,"column":8},"end":{"line":53,"column":57}},"27":{"start":{"line":56,"column":0},"end":{"line":56,"column":null}},"28":{"start":{"line":58,"column":0},"end":{"line":58,"column":36}}},"fnMap":{"0":{"name":"(anonymous_14)","decl":{"start":{"line":3,"column":0},"end":{"line":3,"column":null}},"loc":{"start":{"line":3,"column":0},"end":{"line":56,"column":null}}},"1":{"name":"(anonymous_16)","decl":{"start":{"line":4,"column":2},"end":{"line":4,"column":8}},"loc":{"start":{"line":4,"column":26},"end":{"line":11,"column":null}}},"2":{"name":"(anonymous_19)","decl":{"start":{"line":13,"column":2},"end":{"line":13,"column":8}},"loc":{"start":{"line":13,"column":2},"end":{"line":20,"column":null}}},"3":{"name":"(anonymous_22)","decl":{"start":{"line":22,"column":2},"end":{"line":22,"column":8}},"loc":{"start":{"line":22,"column":22},"end":{"line":29,"column":null}}},"4":{"name":"(anonymous_25)","decl":{"start":{"line":31,"column":2},"end":{"line":31,"column":8}},"loc":{"start":{"line":31,"column":24},"end":{"line":38,"column":null}}},"5":{"name":"(anonymous_28)","decl":{"start":{"line":40,"column":2},"end":{"line":40,"column":8}},"loc":{"start":{"line":40,"column":40},"end":{"line":55,"column":null}}}},"branchMap":{},"s":{"0":2,"1":2,"2":2,"3":5,"4":5,"5":4,"6":1,"7":2,"8":1,"9":1,"10":1,"11":0,"12":2,"13":1,"14":1,"15":1,"16":0,"17":2,"18":1,"19":1,"20":1,"21":0,"22":2,"23":1,"24":1,"25":1,"26":0,"27":2,"28":2},"f":{"0":4,"1":5,"2":1,"3":1,"4":1,"5":1},"b":{}}
,"C:\\Users\\gabri\\OneDrive\\Área de Trabalho\\Aula\\Refatoração\\novoCodigo\\src\\user\\user.controller.ts": {"path":"C:\\Users\\gabri\\OneDrive\\Área de Trabalho\\Aula\\Refatoração\\novoCodigo\\src\\user\\user.controller.ts","statementMap":{"0":{"start":{"line":2,"column":0},"end":{"line":2,"column":41}},"1":{"start":{"line":4,"column":0},"end":{"line":4,"column":null}},"2":{"start":{"line":5,"column":15},"end":{"line":8,"column":null}},"3":{"start":{"line":6,"column":4},"end":{"line":6,"column":43}},"4":{"start":{"line":7,"column":4},"end":{"line":7,"column":34}},"5":{"start":{"line":10,"column":15},"end":{"line":13,"column":null}},"6":{"start":{"line":11,"column":18},"end":{"line":11,"column":null}},"7":{"start":{"line":11,"column":10},"end":{"line":11,"column":null}},"8":{"start":{"line":12,"column":4},"end":{"line":12,"column":27}},"9":{"start":{"line":14,"column":15},"end":{"line":17,"column":null}},"10":{"start":{"line":15,"column":17},"end":{"line":15,"column":null}},"11":{"start":{"line":15,"column":10},"end":{"line":15,"column":null}},"12":{"start":{"line":16,"column":4},"end":{"line":16,"column":26}},"13":{"start":{"line":18,"column":15},"end":{"line":21,"column":null}},"14":{"start":{"line":19,"column":17},"end":{"line":19,"column":null}},"15":{"start":{"line":19,"column":10},"end":{"line":19,"column":null}},"16":{"start":{"line":20,"column":4},"end":{"line":20,"column":26}},"17":{"start":{"line":22,"column":15},"end":{"line":25,"column":null}},"18":{"start":{"line":23,"column":17},"end":{"line":23,"column":null}},"19":{"start":{"line":23,"column":10},"end":{"line":23,"column":null}},"20":{"start":{"line":24,"column":4},"end":{"line":24,"column":26}},"21":{"start":{"line":26,"column":0},"end":{"line":26,"column":null}},"22":{"start":{"line":27,"column":0},"end":{"line":27,"column":36}}},"fnMap":{"0":{"name":"(anonymous_14)","decl":{"start":{"line":4,"column":0},"end":{"line":4,"column":null}},"loc":{"start":{"line":4,"column":0},"end":{"line":26,"column":null}}},"1":{"name":"(anonymous_16)","decl":{"start":{"line":5,"column":2},"end":{"line":5,"column":15}},"loc":{"start":{"line":5,"column":49},"end":{"line":8,"column":null}}},"2":{"name":"(anonymous_19)","decl":{"start":{"line":10,"column":2},"end":{"line":10,"column":15}},"loc":{"start":{"line":10,"column":50},"end":{"line":13,"column":null}}},"3":{"name":"(anonymous_22)","decl":{"start":{"line":14,"column":2},"end":{"line":14,"column":15}},"loc":{"start":{"line":14,"column":47},"end":{"line":17,"column":null}}},"4":{"name":"(anonymous_25)","decl":{"start":{"line":18,"column":2},"end":{"line":18,"column":15}},"loc":{"start":{"line":18,"column":49},"end":{"line":21,"column":null}}},"5":{"name":"(anonymous_28)","decl":{"start":{"line":22,"column":2},"end":{"line":22,"column":15}},"loc":{"start":{"line":22,"column":49},"end":{"line":25,"column":null}}}},"branchMap":{"0":{"loc":{"start":{"line":6,"column":4},"end":{"line":6,"column":43}},"type":"switch","locations":[{"start":{"line":6,"column":4},"end":{"line":6,"column":43}}]},"1":{"loc":{"start":{"line":11,"column":18},"end":{"line":11,"column":null}},"type":"switch","locations":[{"start":{"line":11,"column":18},"end":{"line":11,"column":null}}]},"2":{"loc":{"start":{"line":15,"column":17},"end":{"line":15,"column":null}},"type":"switch","locations":[{"start":{"line":15,"column":17},"end":{"line":15,"column":null}}]},"3":{"loc":{"start":{"line":19,"column":17},"end":{"line":19,"column":null}},"type":"switch","locations":[{"start":{"line":19,"column":17},"end":{"line":19,"column":null}}]},"4":{"loc":{"start":{"line":23,"column":17},"end":{"line":23,"column":null}},"type":"switch","locations":[{"start":{"line":23,"column":17},"end":{"line":23,"column":null}}]}},"s":{"0":2,"1":2,"2":2,"3":2,"4":1,"5":2,"6":1,"7":1,"8":1,"9":2,"10":1,"11":1,"12":1,"13":2,"14":1,"15":1,"16":1,"17":2,"18":1,"19":1,"20":1,"21":2,"22":2},"f":{"0":4,"1":1,"2":1,"3":1,"4":1,"5":1},"b":{"0":[1],"1":[1],"2":[1],"3":[1],"4":[1]}}
,"C:\\Users\\gabri\\OneDrive\\Área de Trabalho\\Aula\\Refatoração\\novoCodigo\\src\\user\\user.routes.ts": {"path":"C:\\Users\\gabri\\OneDrive\\Área de Trabalho\\Aula\\Refatoração\\novoCodigo\\src\\user\\user.routes.ts","statementMap":{"0":{"start":{"line":1,"column":0},"end":{"line":1,"column":33}},"1":{"start":{"line":3,"column":0},"end":{"line":3,"column":47}},"2":{"start":{"line":5,"column":19},"end":{"line":5,"column":27}},"3":{"start":{"line":7,"column":0},"end":{"line":7,"column":51}},"4":{"start":{"line":8,"column":0},"end":{"line":8,"column":49}},"5":{"start":{"line":9,"column":0},"end":{"line":9,"column":50}},"6":{"start":{"line":10,"column":0},"end":{"line":10,"column":56}},"7":{"start":{"line":11,"column":0},"end":{"line":11,"column":53}},"8":{"start":{"line":13,"column":0},"end":{"line":13,"column":26}}},"fnMap":{},"branchMap":{},"s":{"0":2,"1":2,"2":2,"3":2,"4":2,"5":2,"6":2,"7":2,"8":2},"f":{},"b":{}}
,"C:\\Users\\gabri\\OneDrive\\Área de Trabalho\\Aula\\Refatoração\\novoCodigo\\src\\user\\user.schema.ts": {"path":"C:\\Users\\gabri\\OneDrive\\Área de Trabalho\\Aula\\Refatoração\\novoCodigo\\src\\user\\user.schema.ts","statementMap":{"0":{"start":{"line":1,"column":0},"end":{"line":1,"column":41}},"1":{"start":{"line":3,"column":19},"end":{"line":24,"column":null}},"2":{"start":{"line":27,"column":0},"end":{"line":27,"column":41}}},"fnMap":{},"branchMap":{},"s":{"0":2,"1":2,"2":2},"f":{},"b":{}}
,"C:\\Users\\gabri\\OneDrive\\Área de Trabalho\\Aula\\Refatoração\\novoCodigo\\src\\user\\user.service.ts": {"path":"C:\\Users\\gabri\\OneDrive\\Área de Trabalho\\Aula\\Refatoração\\novoCodigo\\src\\user\\user.service.ts","statementMap":{"0":{"start":{"line":1,"column":0},"end":{"line":1,"column":33}},"1":{"start":{"line":3,"column":0},"end":{"line":3,"column":null}},"2":{"start":{"line":4,"column":8},"end":{"line":11,"column":null}},"3":{"start":{"line":6,"column":22},"end":{"line":6,"column":null}},"4":{"start":{"line":6,"column":12},"end":{"line":6,"column":null}},"5":{"start":{"line":7,"column":6},"end":{"line":7,"column":21}},"6":{"start":{"line":9,"column":6},"end":{"line":9,"column":52}},"7":{"start":{"line":13,"column":8},"end":{"line":20,"column":null}},"8":{"start":{"line":15,"column":25},"end":{"line":15,"column":null}},"9":{"start":{"line":15,"column":12},"end":{"line":15,"column":null}},"10":{"start":{"line":16,"column":6},"end":{"line":16,"column":24}},"11":{"start":{"line":18,"column":6},"end":{"line":18,"column":52}},"12":{"start":{"line":22,"column":8},"end":{"line":29,"column":null}},"13":{"start":{"line":24,"column":24},"end":{"line":24,"column":null}},"14":{"start":{"line":24,"column":12},"end":{"line":24,"column":null}},"15":{"start":{"line":25,"column":6},"end":{"line":25,"column":23}},"16":{"start":{"line":27,"column":6},"end":{"line":27,"column":51}},"17":{"start":{"line":30,"column":8},"end":{"line":37,"column":null}},"18":{"start":{"line":32,"column":26},"end":{"line":32,"column":null}},"19":{"start":{"line":32,"column":12},"end":{"line":32,"column":null}},"20":{"start":{"line":33,"column":6},"end":{"line":33,"column":25}},"21":{"start":{"line":35,"column":6},"end":{"line":35,"column":52}},"22":{"start":{"line":38,"column":8},"end":{"line":55,"column":null}},"23":{"start":{"line":40,"column":27},"end":{"line":49,"column":null}},"24":{"start":{"line":40,"column":12},"end":{"line":49,"column":null}},"25":{"start":{"line":51,"column":6},"end":{"line":51,"column":26}},"26":{"start":{"line":53,"column":6},"end":{"line":53,"column":52}},"27":{"start":{"line":56,"column":0},"end":{"line":56,"column":null}},"28":{"start":{"line":58,"column":0},"end":{"line":58,"column":33}}},"fnMap":{"0":{"name":"(anonymous_14)","decl":{"start":{"line":3,"column":0},"end":{"line":3,"column":null}},"loc":{"start":{"line":3,"column":0},"end":{"line":56,"column":null}}},"1":{"name":"(anonymous_16)","decl":{"start":{"line":4,"column":2},"end":{"line":4,"column":8}},"loc":{"start":{"line":4,"column":23},"end":{"line":11,"column":null}}},"2":{"name":"(anonymous_19)","decl":{"start":{"line":13,"column":2},"end":{"line":13,"column":8}},"loc":{"start":{"line":13,"column":2},"end":{"line":20,"column":null}}},"3":{"name":"(anonymous_22)","decl":{"start":{"line":22,"column":2},"end":{"line":22,"column":8}},"loc":{"start":{"line":22,"column":19},"end":{"line":29,"column":null}}},"4":{"name":"(anonymous_25)","decl":{"start":{"line":30,"column":2},"end":{"line":30,"column":8}},"loc":{"start":{"line":30,"column":21},"end":{"line":37,"column":null}}},"5":{"name":"(anonymous_28)","decl":{"start":{"line":38,"column":2},"end":{"line":38,"column":8}},"loc":{"start":{"line":38,"column":37},"end":{"line":55,"column":null}}}},"branchMap":{},"s":{"0":2,"1":2,"2":2,"3":5,"4":5,"5":4,"6":1,"7":2,"8":1,"9":1,"10":1,"11":0,"12":2,"13":1,"14":1,"15":1,"16":0,"17":2,"18":1,"19":1,"20":1,"21":0,"22":2,"23":1,"24":1,"25":1,"26":0,"27":2,"28":2},"f":{"0":4,"1":5,"2":1,"3":1,"4":1,"5":1},"b":{}}
}
