TN:
SF:src\app.ts
FN:6,(anonymous_14)
FN:9,App
FN:17,(anonymous_16)
FN:21,(anonymous_17)
FN:31,(anonymous_20)
FNF:5
FNH:5
FNDA:2,(anonymous_14)
FNDA:2,App
FNDA:2,(anonymous_16)
FNDA:2,(anonymous_17)
FNDA:2,(anonymous_20)
DA:1,2
DA:2,2
DA:4,2
DA:6,2
DA:10,2
DA:11,2
DA:12,2
DA:13,2
DA:17,2
DA:18,2
DA:21,2
DA:23,2
DA:24,4
DA:25,2
DA:28,0
DA:31,2
DA:32,2
DA:34,2
DA:35,2
LF:19
LH:18
BRF:0
BRH:0
end_of_record
TN:
SF:src\routes.ts
FNF:0
FNH:0
DA:1,2
DA:2,2
DA:3,2
DA:5,2
DA:7,2
DA:8,2
DA:11,2
LF:7
LH:7
BRF:0
BRH:0
end_of_record
TN:
SF:src\products\product.controller.ts
FN:4,(anonymous_14)
FN:5,(anonymous_16)
FN:10,(anonymous_19)
FN:15,(anonymous_22)
FN:20,(anonymous_25)
FN:25,(anonymous_28)
FNF:6
FNH:6
FNDA:4,(anonymous_14)
FNDA:1,(anonymous_16)
FNDA:1,(anonymous_19)
FNDA:1,(anonymous_22)
FNDA:1,(anonymous_25)
FNDA:1,(anonymous_28)
DA:1,2
DA:4,2
DA:5,2
DA:6,2
DA:7,1
DA:10,2
DA:11,1
DA:12,1
DA:15,2
DA:16,1
DA:17,1
DA:20,2
DA:21,1
DA:22,1
DA:25,2
DA:26,1
DA:27,1
DA:29,2
DA:31,2
LF:19
LH:19
BRDA:6,0,0,1
BRDA:11,1,0,1
BRDA:16,2,0,1
BRDA:21,3,0,1
BRDA:26,4,0,1
BRF:5
BRH:5
end_of_record
TN:
SF:src\products\product.routes.ts
FNF:0
FNH:0
DA:1,2
DA:2,2
DA:4,2
DA:6,2
DA:7,2
DA:8,2
DA:9,2
DA:10,2
DA:13,2
LF:9
LH:9
BRF:0
BRH:0
end_of_record
TN:
SF:src\products\product.schema.ts
FNF:0
FNH:0
DA:1,2
DA:3,2
DA:20,2
LF:3
LH:3
BRF:0
BRH:0
end_of_record
TN:
SF:src\products\product.service.ts
FN:3,(anonymous_14)
FN:4,(anonymous_16)
FN:13,(anonymous_19)
FN:22,(anonymous_22)
FN:31,(anonymous_25)
FN:40,(anonymous_28)
FNF:6
FNH:6
FNDA:4,(anonymous_14)
FNDA:5,(anonymous_16)
FNDA:1,(anonymous_19)
FNDA:1,(anonymous_22)
FNDA:1,(anonymous_25)
FNDA:1,(anonymous_28)
DA:1,2
DA:3,2
DA:4,2
DA:6,5
DA:7,4
DA:9,1
DA:13,2
DA:15,1
DA:16,1
DA:18,0
DA:22,2
DA:24,1
DA:25,1
DA:27,0
DA:31,2
DA:33,1
DA:34,1
DA:36,0
DA:40,2
DA:42,1
DA:51,1
DA:53,0
DA:56,2
DA:58,2
LF:24
LH:20
BRF:0
BRH:0
end_of_record
TN:
SF:src\user\user.controller.ts
FN:4,(anonymous_14)
FN:5,(anonymous_16)
FN:10,(anonymous_19)
FN:14,(anonymous_22)
FN:18,(anonymous_25)
FN:22,(anonymous_28)
FNF:6
FNH:6
FNDA:4,(anonymous_14)
FNDA:1,(anonymous_16)
FNDA:1,(anonymous_19)
FNDA:1,(anonymous_22)
FNDA:1,(anonymous_25)
FNDA:1,(anonymous_28)
DA:2,2
DA:4,2
DA:5,2
DA:6,2
DA:7,1
DA:10,2
DA:11,1
DA:12,1
DA:14,2
DA:15,1
DA:16,1
DA:18,2
DA:19,1
DA:20,1
DA:22,2
DA:23,1
DA:24,1
DA:26,2
DA:27,2
LF:19
LH:19
BRDA:6,0,0,1
BRDA:11,1,0,1
BRDA:15,2,0,1
BRDA:19,3,0,1
BRDA:23,4,0,1
BRF:5
BRH:5
end_of_record
TN:
SF:src\user\user.routes.ts
FNF:0
FNH:0
DA:1,2
DA:3,2
DA:5,2
DA:7,2
DA:8,2
DA:9,2
DA:10,2
DA:11,2
DA:13,2
LF:9
LH:9
BRF:0
BRH:0
end_of_record
TN:
SF:src\user\user.schema.ts
FNF:0
FNH:0
DA:1,2
DA:3,2
DA:27,2
LF:3
LH:3
BRF:0
BRH:0
end_of_record
TN:
SF:src\user\user.service.ts
FN:3,(anonymous_14)
FN:4,(anonymous_16)
FN:13,(anonymous_19)
FN:22,(anonymous_22)
FN:30,(anonymous_25)
FN:38,(anonymous_28)
FNF:6
FNH:6
FNDA:4,(anonymous_14)
FNDA:5,(anonymous_16)
FNDA:1,(anonymous_19)
FNDA:1,(anonymous_22)
FNDA:1,(anonymous_25)
FNDA:1,(anonymous_28)
DA:1,2
DA:3,2
DA:4,2
DA:6,5
DA:7,4
DA:9,1
DA:13,2
DA:15,1
DA:16,1
DA:18,0
DA:22,2
DA:24,1
DA:25,1
DA:27,0
DA:30,2
DA:32,1
DA:33,1
DA:35,0
DA:38,2
DA:40,1
DA:51,1
DA:53,0
DA:56,2
DA:58,2
LF:24
LH:20
BRF:0
BRH:0
end_of_record
